<?xml version="1.0" encoding="UTF-8"?>
<!-- Generated by org.testng.reporters.JUnitReportReporter -->
<testsuite skipped="0" hostname="d9fccddbce3e" name="com.challenge.tests.LoginTest" tests="1" failures="0"
           timestamp="03 Jun 2019 17:34:18 GMT" time="0.018" errors="0">
    <testcase name="successfulLogin" time="0.018" classname="com.challenge.tests.LoginTest"/>
</testsuite> <!-- com.challenge.tests.LoginTest -->
