<?xml version="1.0" encoding="UTF-8"?>
<!-- Generated by org.testng.reporters.JUnitReportReporter -->
<testsuite skipped="0" hostname="397c1b9c048c" name="com.challenge.tests.RegionsTest" tests="1" failures="0"
           timestamp="03 Jun 2019 17:34:44 GMT" time="3.909" errors="0">
    <testcase name="testAddRegions" time="3.909" classname="com.challenge.tests.RegionsTest"/>
</testsuite> <!-- com.challenge.tests.RegionsTest -->
