<?xml version="1.0" encoding="UTF-8"?>
<!-- Generated by org.testng.reporters.JUnitReportReporter -->
<testsuite skipped="0" hostname="91d694f9f8d0" name="com.challenge.tests.DashboardTest" tests="1" failures="0"
           timestamp="03 Jun 2019 17:34:30 GMT" time="1.899" errors="0">
    <testcase name="testContactsFilter" time="1.899" classname="com.challenge.tests.DashboardTest"/>
</testsuite> <!-- com.challenge.tests.DashboardTest -->
